
ROM used:   60/1024 (6%)
            60/1024 (6%) including unused fragments

            0.1 Average locations per line
            5.0 Average locations per statement

RAM used:   5/22 (23%) at main() level
            8/22 (36%) worst case

Stack used: 0 worst case (0 in main + 0 for interrupts)
Stack size: 2

Lines Stmts  %   Files
----- ----- ---  -----
   25    12 100  main.c
    8     0   0  main.h
  402     0   0  ..\..\..\..\..\..\..\Program Files (x86)\PICC\Devices\12F510.h
----- -----
  435    12 Total

Page ROM  %  RAM   Vol Diff  Functions:
---- --- --- ---   --- ----  ----------
0     18  30    1             @delay_ms1
0     42  70    0   267  4.3  main
 Inline         0             @cinit1

Program metrics:
    Functions               1
    Statements              12
    Comments                68
    Volume (V)              272
    Difficulty (D)          4.0
    Effort to implement (E) 1082
    Time to implement (T)   1 minutes
    Est Delivered Bugs (B)  0
    Cyclomatic Complexity   2
    Maintainability (MI)    111

 Segment     Used  Free
-----------  ----  ----
00000-001FF    60  449  
00200-003FF     0  512  



